<testsuites id="" name="" tests="35" failures="15" skipped="0" errors="0" time="62.623328">
<testsuite name="accessibility.spec.ts" timestamp="2025-08-10T17:45:12.677Z" hostname="chromium" tests="7" failures="3" skipped="0" time="49.044" errors="0">
<testcase name="Accessibility Tests › should not have any accessibility violations" classname="accessibility.spec.ts" time="7.767">
<failure message="accessibility.spec.ts:10:7 should not have any accessibility violations" type="FAILURE">
<![CDATA[  [chromium] › accessibility.spec.ts:10:7 › Accessibility Tests › should not have any accessibility violations 

    AssertionError: 2 accessibility violations were detected
        at testResultDependsOnViolations (C:\Users\yasin\Nearacles\nearacles-protocol\frontend\node_modules\axe-playwright\dist\utils.js:16:26)
        at C:\Users\yasin\Nearacles\nearacles-protocol\frontend\node_modules\axe-playwright\dist\index.js:143:51
        at fulfilled (C:\Users\yasin\Nearacles\nearacles-protocol\frontend\node_modules\axe-playwright\dist\index.js:28:58)

    attachment #1: screenshot (image/png) ──────────────────────────────────────────────────────────
    ..\test-results\accessibility-Accessibilit-24333-ny-accessibility-violations-chromium\test-failed-1.png
    ────────────────────────────────────────────────────────────────────────────────────────────────

    attachment #2: video (video/webm) ──────────────────────────────────────────────────────────────
    ..\test-results\accessibility-Accessibilit-24333-ny-accessibility-violations-chromium\video.webm
    ────────────────────────────────────────────────────────────────────────────────────────────────

    Error Context: ..\test-results\accessibility-Accessibilit-24333-ny-accessibility-violations-chromium\error-context.md
]]>
</failure>
<system-out>
<![CDATA[┌─────────┬──────────────────┬────────────┬──────────────────────────────────────────────────────────────────────────────────────────────────────────────────┬───────┐
│ (index) │ id               │ impact     │ description                                                                                                      │ nodes │
├─────────┼──────────────────┼────────────┼──────────────────────────────────────────────────────────────────────────────────────────────────────────────────┼───────┤
│ 0       │ [32m'color-contrast'[39m │ [32m'serious'[39m  │ [32m'Ensure the contrast between foreground and background colors meets WCAG 2 AA minimum contrast ratio thresholds'[39m │ [33m2[39m     │
│ 1       │ [32m'region'[39m         │ [32m'moderate'[39m │ [32m'Ensure all page content is contained by landmarks'[39m                                                              │ [33m5[39m     │
└─────────┴──────────────────┴────────────┴──────────────────────────────────────────────────────────────────────────────────────────────────────────────────┴───────┘
┌─────────┬───────────────────────────────────────────┬─────────────────────────────────────────────────────────────────────────────────────────────────────────────────────────────────────────────────────────────────────────────────────────────────────────────────────────────────────────────┬────────────┐
│ (index) │ target                                    │ html                                                                                                                                                                                                                                        │ violations │
├─────────┼───────────────────────────────────────────┼─────────────────────────────────────────────────────────────────────────────────────────────────────────────────────────────────────────────────────────────────────────────────────────────────────────────────────────────────────────────┼────────────┤
│ 0       │ [32m'[".px-4"]'[39m                               │ [32m'<button class="bg-green-600 text-white px-4 py-2 rounded-lg font-medium hover:bg-green-700 whitespace-nowrap cursor-pointer" aria-label="Connect your NEAR wallet to the platform" title="Connect Wallet">Connect Wallet</button>'[39m         │ [32m'[0]'[39m      │
│ 1       │ [32m'["button[title=\\"Launch Platform\\"]"]'[39m │ [32m'<button class="bg-green-600 hover:bg-green-700 text-white px-8 py-4 rounded-lg font-semibold text-lg whitespace-nowrap cursor-pointer" aria-label="Launch the Nearacles Oracle Platform" title="Launch Platform">Launch Platform</button>'[39m │ [32m'[0]'[39m      │
│ 2       │ [32m'[".text-5xl"]'[39m                           │ [32m'<h1 class="text-5xl lg:text-7xl font-bold text-white mb-6 leading-tight">NEAR Protocol<br><span class="text-transparent bg-clip-text bg-gradient-to-r from-green-400 to-blue-400">Oracle Network</span></h1>'[39m                              │ [32m'[1]'[39m      │
│ 3       │ [32m'[".text-gray-200"]'[39m                      │ [32m'<p class="text-xl text-gray-200 mb-8 max-w-2xl leading-relaxed">Advanced NEAR blockchain oracle platform with multiple data sources, real-time consensus algorithms, and enterprise-grade security for decentralized applications.</p>'[39m    │ [32m'[1]'[39m      │
│ 4       │ [32m'["section:nth-child(3)"]'[39m                │ [32m'<section class="py-24 bg-white">'[39m                                                                                                                                                                                                          │ [32m'[1]'[39m      │
│ 5       │ [32m'[".bg-gray-50"]'[39m                         │ [32m'<section class="py-24 bg-gray-50">'[39m                                                                                                                                                                                                        │ [32m'[1]'[39m      │
│ 6       │ [32m'["section:nth-child(5)"]'[39m                │ [32m'<section class="py-24 bg-gradient-to-r from-green-600 to-blue-600">'[39m                                                                                                                                                                       │ [32m'[1]'[39m      │
└─────────┴───────────────────────────────────────────┴─────────────────────────────────────────────────────────────────────────────────────────────────────────────────────────────────────────────────────────────────────────────────────────────────────────────────────────────────────────────┴────────────┘

[[ATTACHMENT|accessibility-Accessibilit-24333-ny-accessibility-violations-chromium\test-failed-1.png]]

[[ATTACHMENT|accessibility-Accessibilit-24333-ny-accessibility-violations-chromium\video.webm]]

[[ATTACHMENT|accessibility-Accessibilit-24333-ny-accessibility-violations-chromium\error-context.md]]
]]>
</system-out>
</testcase>
<testcase name="Accessibility Tests › should have proper heading structure" classname="accessibility.spec.ts" time="6.44">
</testcase>
<testcase name="Accessibility Tests › should have proper focus management" classname="accessibility.spec.ts" time="6.645">
</testcase>
<testcase name="Accessibility Tests › should have proper color contrast" classname="accessibility.spec.ts" time="7.605">
<failure message="accessibility.spec.ts:45:7 should have proper color contrast" type="FAILURE">
<![CDATA[  [chromium] › accessibility.spec.ts:45:7 › Accessibility Tests › should have proper color contrast 

    AssertionError: 2 accessibility violations were detected
        at testResultDependsOnViolations (C:\Users\yasin\Nearacles\nearacles-protocol\frontend\node_modules\axe-playwright\dist\utils.js:16:26)
        at C:\Users\yasin\Nearacles\nearacles-protocol\frontend\node_modules\axe-playwright\dist\index.js:143:51
        at fulfilled (C:\Users\yasin\Nearacles\nearacles-protocol\frontend\node_modules\axe-playwright\dist\index.js:28:58)

    attachment #1: screenshot (image/png) ──────────────────────────────────────────────────────────
    ..\test-results\accessibility-Accessibilit-1d235--have-proper-color-contrast-chromium\test-failed-1.png
    ────────────────────────────────────────────────────────────────────────────────────────────────

    attachment #2: video (video/webm) ──────────────────────────────────────────────────────────────
    ..\test-results\accessibility-Accessibilit-1d235--have-proper-color-contrast-chromium\video.webm
    ────────────────────────────────────────────────────────────────────────────────────────────────

    Error Context: ..\test-results\accessibility-Accessibilit-1d235--have-proper-color-contrast-chromium\error-context.md
]]>
</failure>
<system-out>
<![CDATA[┌─────────┬──────────────────┬────────────┬──────────────────────────────────────────────────────────────────────────────────────────────────────────────────┬───────┐
│ (index) │ id               │ impact     │ description                                                                                                      │ nodes │
├─────────┼──────────────────┼────────────┼──────────────────────────────────────────────────────────────────────────────────────────────────────────────────┼───────┤
│ 0       │ [32m'color-contrast'[39m │ [32m'serious'[39m  │ [32m'Ensure the contrast between foreground and background colors meets WCAG 2 AA minimum contrast ratio thresholds'[39m │ [33m2[39m     │
│ 1       │ [32m'region'[39m         │ [32m'moderate'[39m │ [32m'Ensure all page content is contained by landmarks'[39m                                                              │ [33m5[39m     │
└─────────┴──────────────────┴────────────┴──────────────────────────────────────────────────────────────────────────────────────────────────────────────────┴───────┘

[[ATTACHMENT|accessibility-Accessibilit-1d235--have-proper-color-contrast-chromium\test-failed-1.png]]

[[ATTACHMENT|accessibility-Accessibilit-1d235--have-proper-color-contrast-chromium\video.webm]]

[[ATTACHMENT|accessibility-Accessibilit-1d235--have-proper-color-contrast-chromium\error-context.md]]
]]>
</system-out>
</testcase>
<testcase name="Accessibility Tests › should support keyboard navigation" classname="accessibility.spec.ts" time="6.703">
</testcase>
<testcase name="Accessibility Tests › should have proper ARIA attributes" classname="accessibility.spec.ts" time="7.547">
<failure message="accessibility.spec.ts:69:7 should have proper ARIA attributes" type="FAILURE">
<![CDATA[  [chromium] › accessibility.spec.ts:69:7 › Accessibility Tests › should have proper ARIA attributes 

    AssertionError: 2 accessibility violations were detected
        at testResultDependsOnViolations (C:\Users\yasin\Nearacles\nearacles-protocol\frontend\node_modules\axe-playwright\dist\utils.js:16:26)
        at C:\Users\yasin\Nearacles\nearacles-protocol\frontend\node_modules\axe-playwright\dist\index.js:143:51
        at fulfilled (C:\Users\yasin\Nearacles\nearacles-protocol\frontend\node_modules\axe-playwright\dist\index.js:28:58)

    attachment #1: screenshot (image/png) ──────────────────────────────────────────────────────────
    ..\test-results\accessibility-Accessibilit-332ae-have-proper-ARIA-attributes-chromium\test-failed-1.png
    ────────────────────────────────────────────────────────────────────────────────────────────────

    attachment #2: video (video/webm) ──────────────────────────────────────────────────────────────
    ..\test-results\accessibility-Accessibilit-332ae-have-proper-ARIA-attributes-chromium\video.webm
    ────────────────────────────────────────────────────────────────────────────────────────────────

    Error Context: ..\test-results\accessibility-Accessibilit-332ae-have-proper-ARIA-attributes-chromium\error-context.md
]]>
</failure>
<system-out>
<![CDATA[┌─────────┬──────────────────┬────────────┬──────────────────────────────────────────────────────────────────────────────────────────────────────────────────┬───────┐
│ (index) │ id               │ impact     │ description                                                                                                      │ nodes │
├─────────┼──────────────────┼────────────┼──────────────────────────────────────────────────────────────────────────────────────────────────────────────────┼───────┤
│ 0       │ [32m'color-contrast'[39m │ [32m'serious'[39m  │ [32m'Ensure the contrast between foreground and background colors meets WCAG 2 AA minimum contrast ratio thresholds'[39m │ [33m2[39m     │
│ 1       │ [32m'region'[39m         │ [32m'moderate'[39m │ [32m'Ensure all page content is contained by landmarks'[39m                                                              │ [33m5[39m     │
└─────────┴──────────────────┴────────────┴──────────────────────────────────────────────────────────────────────────────────────────────────────────────────┴───────┘

[[ATTACHMENT|accessibility-Accessibilit-332ae-have-proper-ARIA-attributes-chromium\test-failed-1.png]]

[[ATTACHMENT|accessibility-Accessibilit-332ae-have-proper-ARIA-attributes-chromium\video.webm]]

[[ATTACHMENT|accessibility-Accessibilit-332ae-have-proper-ARIA-attributes-chromium\error-context.md]]
]]>
</system-out>
</testcase>
<testcase name="Accessibility Tests › should work with screen readers" classname="accessibility.spec.ts" time="6.337">
</testcase>
</testsuite>
<testsuite name="accessibility.spec.ts" timestamp="2025-08-10T17:45:12.677Z" hostname="firefox" tests="7" failures="3" skipped="0" time="98.249" errors="0">
<testcase name="Accessibility Tests › should not have any accessibility violations" classname="accessibility.spec.ts" time="12.95">
<failure message="accessibility.spec.ts:10:7 should not have any accessibility violations" type="FAILURE">
<![CDATA[  [firefox] › accessibility.spec.ts:10:7 › Accessibility Tests › should not have any accessibility violations 

    AssertionError: 2 accessibility violations were detected
        at testResultDependsOnViolations (C:\Users\yasin\Nearacles\nearacles-protocol\frontend\node_modules\axe-playwright\dist\utils.js:16:26)
        at C:\Users\yasin\Nearacles\nearacles-protocol\frontend\node_modules\axe-playwright\dist\index.js:143:51
        at fulfilled (C:\Users\yasin\Nearacles\nearacles-protocol\frontend\node_modules\axe-playwright\dist\index.js:28:58)

    attachment #1: screenshot (image/png) ──────────────────────────────────────────────────────────
    ..\test-results\accessibility-Accessibilit-24333-ny-accessibility-violations-firefox\test-failed-1.png
    ────────────────────────────────────────────────────────────────────────────────────────────────

    attachment #2: video (video/webm) ──────────────────────────────────────────────────────────────
    ..\test-results\accessibility-Accessibilit-24333-ny-accessibility-violations-firefox\video.webm
    ────────────────────────────────────────────────────────────────────────────────────────────────

    Error Context: ..\test-results\accessibility-Accessibilit-24333-ny-accessibility-violations-firefox\error-context.md
]]>
</failure>
<system-out>
<![CDATA[┌─────────┬──────────────────┬────────────┬──────────────────────────────────────────────────────────────────────────────────────────────────────────────────┬───────┐
│ (index) │ id               │ impact     │ description                                                                                                      │ nodes │
├─────────┼──────────────────┼────────────┼──────────────────────────────────────────────────────────────────────────────────────────────────────────────────┼───────┤
│ 0       │ [32m'color-contrast'[39m │ [32m'serious'[39m  │ [32m'Ensure the contrast between foreground and background colors meets WCAG 2 AA minimum contrast ratio thresholds'[39m │ [33m2[39m     │
│ 1       │ [32m'region'[39m         │ [32m'moderate'[39m │ [32m'Ensure all page content is contained by landmarks'[39m                                                              │ [33m5[39m     │
└─────────┴──────────────────┴────────────┴──────────────────────────────────────────────────────────────────────────────────────────────────────────────────┴───────┘
┌─────────┬───────────────────────────────────────────┬─────────────────────────────────────────────────────────────────────────────────────────────────────────────────────────────────────────────────────────────────────────────────────────────────────────────────────────────────────────────┬────────────┐
│ (index) │ target                                    │ html                                                                                                                                                                                                                                        │ violations │
├─────────┼───────────────────────────────────────────┼─────────────────────────────────────────────────────────────────────────────────────────────────────────────────────────────────────────────────────────────────────────────────────────────────────────────────────────────────────────────┼────────────┤
│ 0       │ [32m'[".px-4"]'[39m                               │ [32m'<button class="bg-green-600 text-white px-4 py-2 rounded-lg font-medium hover:bg-green-700 whitespace-nowrap cursor-pointer" aria-label="Connect your NEAR wallet to the platform" title="Connect Wallet">Connect Wallet</button>'[39m         │ [32m'[0]'[39m      │
│ 1       │ [32m'["button[title=\\"Launch Platform\\"]"]'[39m │ [32m'<button class="bg-green-600 hover:bg-green-700 text-white px-8 py-4 rounded-lg font-semibold text-lg whitespace-nowrap cursor-pointer" aria-label="Launch the Nearacles Oracle Platform" title="Launch Platform">Launch Platform</button>'[39m │ [32m'[0]'[39m      │
│ 2       │ [32m'[".text-5xl"]'[39m                           │ [32m'<h1 class="text-5xl lg:text-7xl font-bold text-white mb-6 leading-tight">NEAR Protocol<br><span class="text-transparent bg-clip-text bg-gradient-to-r from-green-400 to-blue-400">Oracle Network</span></h1>'[39m                              │ [32m'[1]'[39m      │
│ 3       │ [32m'[".text-gray-200"]'[39m                      │ [32m'<p class="text-xl text-gray-200 mb-8 max-w-2xl leading-relaxed">Advanced NEAR blockchain oracle platform with multiple data sources, real-time consensus algorithms, and enterprise-grade security for decentralized applications.</p>'[39m    │ [32m'[1]'[39m      │
│ 4       │ [32m'["section:nth-child(3)"]'[39m                │ [32m'<section class="py-24 bg-white">'[39m                                                                                                                                                                                                          │ [32m'[1]'[39m      │
│ 5       │ [32m'[".bg-gray-50"]'[39m                         │ [32m'<section class="py-24 bg-gray-50">'[39m                                                                                                                                                                                                        │ [32m'[1]'[39m      │
│ 6       │ [32m'["section:nth-child(5)"]'[39m                │ [32m'<section class="py-24 bg-gradient-to-r from-green-600 to-blue-600">'[39m                                                                                                                                                                       │ [32m'[1]'[39m      │
└─────────┴───────────────────────────────────────────┴─────────────────────────────────────────────────────────────────────────────────────────────────────────────────────────────────────────────────────────────────────────────────────────────────────────────────────────────────────────────┴────────────┘

[[ATTACHMENT|accessibility-Accessibilit-24333-ny-accessibility-violations-firefox\test-failed-1.png]]

[[ATTACHMENT|accessibility-Accessibilit-24333-ny-accessibility-violations-firefox\video.webm]]

[[ATTACHMENT|accessibility-Accessibilit-24333-ny-accessibility-violations-firefox\error-context.md]]
]]>
</system-out>
</testcase>
<testcase name="Accessibility Tests › should have proper heading structure" classname="accessibility.spec.ts" time="13.682">
</testcase>
<testcase name="Accessibility Tests › should have proper focus management" classname="accessibility.spec.ts" time="13.939">
</testcase>
<testcase name="Accessibility Tests › should have proper color contrast" classname="accessibility.spec.ts" time="15.357">
<failure message="accessibility.spec.ts:45:7 should have proper color contrast" type="FAILURE">
<![CDATA[  [firefox] › accessibility.spec.ts:45:7 › Accessibility Tests › should have proper color contrast ─

    AssertionError: 2 accessibility violations were detected
        at testResultDependsOnViolations (C:\Users\yasin\Nearacles\nearacles-protocol\frontend\node_modules\axe-playwright\dist\utils.js:16:26)
        at C:\Users\yasin\Nearacles\nearacles-protocol\frontend\node_modules\axe-playwright\dist\index.js:143:51
        at fulfilled (C:\Users\yasin\Nearacles\nearacles-protocol\frontend\node_modules\axe-playwright\dist\index.js:28:58)

    attachment #1: screenshot (image/png) ──────────────────────────────────────────────────────────
    ..\test-results\accessibility-Accessibilit-1d235--have-proper-color-contrast-firefox\test-failed-1.png
    ────────────────────────────────────────────────────────────────────────────────────────────────

    attachment #2: video (video/webm) ──────────────────────────────────────────────────────────────
    ..\test-results\accessibility-Accessibilit-1d235--have-proper-color-contrast-firefox\video.webm
    ────────────────────────────────────────────────────────────────────────────────────────────────

    Error Context: ..\test-results\accessibility-Accessibilit-1d235--have-proper-color-contrast-firefox\error-context.md
]]>
</failure>
<system-out>
<![CDATA[┌─────────┬──────────────────┬────────────┬──────────────────────────────────────────────────────────────────────────────────────────────────────────────────┬───────┐
│ (index) │ id               │ impact     │ description                                                                                                      │ nodes │
├─────────┼──────────────────┼────────────┼──────────────────────────────────────────────────────────────────────────────────────────────────────────────────┼───────┤
│ 0       │ [32m'color-contrast'[39m │ [32m'serious'[39m  │ [32m'Ensure the contrast between foreground and background colors meets WCAG 2 AA minimum contrast ratio thresholds'[39m │ [33m2[39m     │
│ 1       │ [32m'region'[39m         │ [32m'moderate'[39m │ [32m'Ensure all page content is contained by landmarks'[39m                                                              │ [33m5[39m     │
└─────────┴──────────────────┴────────────┴──────────────────────────────────────────────────────────────────────────────────────────────────────────────────┴───────┘

[[ATTACHMENT|accessibility-Accessibilit-1d235--have-proper-color-contrast-firefox\test-failed-1.png]]

[[ATTACHMENT|accessibility-Accessibilit-1d235--have-proper-color-contrast-firefox\video.webm]]

[[ATTACHMENT|accessibility-Accessibilit-1d235--have-proper-color-contrast-firefox\error-context.md]]
]]>
</system-out>
</testcase>
<testcase name="Accessibility Tests › should support keyboard navigation" classname="accessibility.spec.ts" time="12.13">
</testcase>
<testcase name="Accessibility Tests › should have proper ARIA attributes" classname="accessibility.spec.ts" time="16.548">
<failure message="accessibility.spec.ts:69:7 should have proper ARIA attributes" type="FAILURE">
<![CDATA[  [firefox] › accessibility.spec.ts:69:7 › Accessibility Tests › should have proper ARIA attributes 

    AssertionError: 2 accessibility violations were detected
        at testResultDependsOnViolations (C:\Users\yasin\Nearacles\nearacles-protocol\frontend\node_modules\axe-playwright\dist\utils.js:16:26)
        at C:\Users\yasin\Nearacles\nearacles-protocol\frontend\node_modules\axe-playwright\dist\index.js:143:51
        at fulfilled (C:\Users\yasin\Nearacles\nearacles-protocol\frontend\node_modules\axe-playwright\dist\index.js:28:58)

    attachment #1: screenshot (image/png) ──────────────────────────────────────────────────────────
    ..\test-results\accessibility-Accessibilit-332ae-have-proper-ARIA-attributes-firefox\test-failed-1.png
    ────────────────────────────────────────────────────────────────────────────────────────────────

    attachment #2: video (video/webm) ──────────────────────────────────────────────────────────────
    ..\test-results\accessibility-Accessibilit-332ae-have-proper-ARIA-attributes-firefox\video.webm
    ────────────────────────────────────────────────────────────────────────────────────────────────

    Error Context: ..\test-results\accessibility-Accessibilit-332ae-have-proper-ARIA-attributes-firefox\error-context.md
]]>
</failure>
<system-out>
<![CDATA[┌─────────┬──────────────────┬────────────┬──────────────────────────────────────────────────────────────────────────────────────────────────────────────────┬───────┐
│ (index) │ id               │ impact     │ description                                                                                                      │ nodes │
├─────────┼──────────────────┼────────────┼──────────────────────────────────────────────────────────────────────────────────────────────────────────────────┼───────┤
│ 0       │ [32m'color-contrast'[39m │ [32m'serious'[39m  │ [32m'Ensure the contrast between foreground and background colors meets WCAG 2 AA minimum contrast ratio thresholds'[39m │ [33m2[39m     │
│ 1       │ [32m'region'[39m         │ [32m'moderate'[39m │ [32m'Ensure all page content is contained by landmarks'[39m                                                              │ [33m5[39m     │
└─────────┴──────────────────┴────────────┴──────────────────────────────────────────────────────────────────────────────────────────────────────────────────┴───────┘

[[ATTACHMENT|accessibility-Accessibilit-332ae-have-proper-ARIA-attributes-firefox\test-failed-1.png]]

[[ATTACHMENT|accessibility-Accessibilit-332ae-have-proper-ARIA-attributes-firefox\video.webm]]

[[ATTACHMENT|accessibility-Accessibilit-332ae-have-proper-ARIA-attributes-firefox\error-context.md]]
]]>
</system-out>
</testcase>
<testcase name="Accessibility Tests › should work with screen readers" classname="accessibility.spec.ts" time="13.643">
</testcase>
</testsuite>
<testsuite name="accessibility.spec.ts" timestamp="2025-08-10T17:45:12.677Z" hostname="webkit" tests="7" failures="3" skipped="0" time="54.284" errors="0">
<testcase name="Accessibility Tests › should not have any accessibility violations" classname="accessibility.spec.ts" time="23.927">
<failure message="accessibility.spec.ts:10:7 should not have any accessibility violations" type="FAILURE">
<![CDATA[  [webkit] › accessibility.spec.ts:10:7 › Accessibility Tests › should not have any accessibility violations 

    AssertionError: 2 accessibility violations were detected
        at testResultDependsOnViolations (C:\Users\yasin\Nearacles\nearacles-protocol\frontend\node_modules\axe-playwright\dist\utils.js:16:26)
        at C:\Users\yasin\Nearacles\nearacles-protocol\frontend\node_modules\axe-playwright\dist\index.js:143:51
        at fulfilled (C:\Users\yasin\Nearacles\nearacles-protocol\frontend\node_modules\axe-playwright\dist\index.js:28:58)

    attachment #1: screenshot (image/png) ──────────────────────────────────────────────────────────
    ..\test-results\accessibility-Accessibilit-24333-ny-accessibility-violations-webkit\test-failed-1.png
    ────────────────────────────────────────────────────────────────────────────────────────────────

    attachment #2: video (video/webm) ──────────────────────────────────────────────────────────────
    ..\test-results\accessibility-Accessibilit-24333-ny-accessibility-violations-webkit\video.webm
    ────────────────────────────────────────────────────────────────────────────────────────────────

    Error Context: ..\test-results\accessibility-Accessibilit-24333-ny-accessibility-violations-webkit\error-context.md
]]>
</failure>
<system-out>
<![CDATA[┌─────────┬──────────────────┬────────────┬──────────────────────────────────────────────────────────────────────────────────────────────────────────────────┬───────┐
│ (index) │ id               │ impact     │ description                                                                                                      │ nodes │
├─────────┼──────────────────┼────────────┼──────────────────────────────────────────────────────────────────────────────────────────────────────────────────┼───────┤
│ 0       │ [32m'color-contrast'[39m │ [32m'serious'[39m  │ [32m'Ensure the contrast between foreground and background colors meets WCAG 2 AA minimum contrast ratio thresholds'[39m │ [33m2[39m     │
│ 1       │ [32m'region'[39m         │ [32m'moderate'[39m │ [32m'Ensure all page content is contained by landmarks'[39m                                                              │ [33m5[39m     │
└─────────┴──────────────────┴────────────┴──────────────────────────────────────────────────────────────────────────────────────────────────────────────────┴───────┘
┌─────────┬───────────────────────────────────────────┬─────────────────────────────────────────────────────────────────────────────────────────────────────────────────────────────────────────────────────────────────────────────────────────────────────────────────────────────────────────────┬────────────┐
│ (index) │ target                                    │ html                                                                                                                                                                                                                                        │ violations │
├─────────┼───────────────────────────────────────────┼─────────────────────────────────────────────────────────────────────────────────────────────────────────────────────────────────────────────────────────────────────────────────────────────────────────────────────────────────────────────┼────────────┤
│ 0       │ [32m'[".px-4"]'[39m                               │ [32m'<button class="bg-green-600 text-white px-4 py-2 rounded-lg font-medium hover:bg-green-700 whitespace-nowrap cursor-pointer" aria-label="Connect your NEAR wallet to the platform" title="Connect Wallet">Connect Wallet</button>'[39m         │ [32m'[0]'[39m      │
│ 1       │ [32m'["button[title=\\"Launch Platform\\"]"]'[39m │ [32m'<button class="bg-green-600 hover:bg-green-700 text-white px-8 py-4 rounded-lg font-semibold text-lg whitespace-nowrap cursor-pointer" aria-label="Launch the Nearacles Oracle Platform" title="Launch Platform">Launch Platform</button>'[39m │ [32m'[0]'[39m      │
│ 2       │ [32m'[".text-5xl"]'[39m                           │ [32m'<h1 class="text-5xl lg:text-7xl font-bold text-white mb-6 leading-tight">NEAR Protocol<br><span class="text-transparent bg-clip-text bg-gradient-to-r from-green-400 to-blue-400">Oracle Network</span></h1>'[39m                              │ [32m'[1]'[39m      │
│ 3       │ [32m'[".text-gray-200"]'[39m                      │ [32m'<p class="text-xl text-gray-200 mb-8 max-w-2xl leading-relaxed">Advanced NEAR blockchain oracle platform with multiple data sources, real-time consensus algorithms, and enterprise-grade security for decentralized applications.</p>'[39m    │ [32m'[1]'[39m      │
│ 4       │ [32m'["section:nth-child(3)"]'[39m                │ [32m'<section class="py-24 bg-white">'[39m                                                                                                                                                                                                          │ [32m'[1]'[39m      │
│ 5       │ [32m'[".bg-gray-50"]'[39m                         │ [32m'<section class="py-24 bg-gray-50">'[39m                                                                                                                                                                                                        │ [32m'[1]'[39m      │
│ 6       │ [32m'["section:nth-child(5)"]'[39m                │ [32m'<section class="py-24 bg-gradient-to-r from-green-600 to-blue-600">'[39m                                                                                                                                                                       │ [32m'[1]'[39m      │
└─────────┴───────────────────────────────────────────┴─────────────────────────────────────────────────────────────────────────────────────────────────────────────────────────────────────────────────────────────────────────────────────────────────────────────────────────────────────────────┴────────────┘

[[ATTACHMENT|accessibility-Accessibilit-24333-ny-accessibility-violations-webkit\test-failed-1.png]]

[[ATTACHMENT|accessibility-Accessibilit-24333-ny-accessibility-violations-webkit\video.webm]]

[[ATTACHMENT|accessibility-Accessibilit-24333-ny-accessibility-violations-webkit\error-context.md]]
]]>
</system-out>
</testcase>
<testcase name="Accessibility Tests › should have proper heading structure" classname="accessibility.spec.ts" time="5.065">
</testcase>
<testcase name="Accessibility Tests › should have proper focus management" classname="accessibility.spec.ts" time="5.379">
</testcase>
<testcase name="Accessibility Tests › should have proper color contrast" classname="accessibility.spec.ts" time="6.18">
<failure message="accessibility.spec.ts:45:7 should have proper color contrast" type="FAILURE">
<![CDATA[  [webkit] › accessibility.spec.ts:45:7 › Accessibility Tests › should have proper color contrast ──

    AssertionError: 2 accessibility violations were detected
        at testResultDependsOnViolations (C:\Users\yasin\Nearacles\nearacles-protocol\frontend\node_modules\axe-playwright\dist\utils.js:16:26)
        at C:\Users\yasin\Nearacles\nearacles-protocol\frontend\node_modules\axe-playwright\dist\index.js:143:51
        at fulfilled (C:\Users\yasin\Nearacles\nearacles-protocol\frontend\node_modules\axe-playwright\dist\index.js:28:58)

    attachment #1: screenshot (image/png) ──────────────────────────────────────────────────────────
    ..\test-results\accessibility-Accessibilit-1d235--have-proper-color-contrast-webkit\test-failed-1.png
    ────────────────────────────────────────────────────────────────────────────────────────────────

    attachment #2: video (video/webm) ──────────────────────────────────────────────────────────────
    ..\test-results\accessibility-Accessibilit-1d235--have-proper-color-contrast-webkit\video.webm
    ────────────────────────────────────────────────────────────────────────────────────────────────

    Error Context: ..\test-results\accessibility-Accessibilit-1d235--have-proper-color-contrast-webkit\error-context.md
]]>
</failure>
<system-out>
<![CDATA[┌─────────┬──────────────────┬────────────┬──────────────────────────────────────────────────────────────────────────────────────────────────────────────────┬───────┐
│ (index) │ id               │ impact     │ description                                                                                                      │ nodes │
├─────────┼──────────────────┼────────────┼──────────────────────────────────────────────────────────────────────────────────────────────────────────────────┼───────┤
│ 0       │ [32m'color-contrast'[39m │ [32m'serious'[39m  │ [32m'Ensure the contrast between foreground and background colors meets WCAG 2 AA minimum contrast ratio thresholds'[39m │ [33m2[39m     │
│ 1       │ [32m'region'[39m         │ [32m'moderate'[39m │ [32m'Ensure all page content is contained by landmarks'[39m                                                              │ [33m5[39m     │
└─────────┴──────────────────┴────────────┴──────────────────────────────────────────────────────────────────────────────────────────────────────────────────┴───────┘

[[ATTACHMENT|accessibility-Accessibilit-1d235--have-proper-color-contrast-webkit\test-failed-1.png]]

[[ATTACHMENT|accessibility-Accessibilit-1d235--have-proper-color-contrast-webkit\video.webm]]

[[ATTACHMENT|accessibility-Accessibilit-1d235--have-proper-color-contrast-webkit\error-context.md]]
]]>
</system-out>
</testcase>
<testcase name="Accessibility Tests › should support keyboard navigation" classname="accessibility.spec.ts" time="4.768">
</testcase>
<testcase name="Accessibility Tests › should have proper ARIA attributes" classname="accessibility.spec.ts" time="5.315">
<failure message="accessibility.spec.ts:69:7 should have proper ARIA attributes" type="FAILURE">
<![CDATA[  [webkit] › accessibility.spec.ts:69:7 › Accessibility Tests › should have proper ARIA attributes ─

    AssertionError: 2 accessibility violations were detected
        at testResultDependsOnViolations (C:\Users\yasin\Nearacles\nearacles-protocol\frontend\node_modules\axe-playwright\dist\utils.js:16:26)
        at C:\Users\yasin\Nearacles\nearacles-protocol\frontend\node_modules\axe-playwright\dist\index.js:143:51
        at fulfilled (C:\Users\yasin\Nearacles\nearacles-protocol\frontend\node_modules\axe-playwright\dist\index.js:28:58)

    attachment #1: screenshot (image/png) ──────────────────────────────────────────────────────────
    ..\test-results\accessibility-Accessibilit-332ae-have-proper-ARIA-attributes-webkit\test-failed-1.png
    ────────────────────────────────────────────────────────────────────────────────────────────────

    attachment #2: video (video/webm) ──────────────────────────────────────────────────────────────
    ..\test-results\accessibility-Accessibilit-332ae-have-proper-ARIA-attributes-webkit\video.webm
    ────────────────────────────────────────────────────────────────────────────────────────────────

    Error Context: ..\test-results\accessibility-Accessibilit-332ae-have-proper-ARIA-attributes-webkit\error-context.md
]]>
</failure>
<system-out>
<![CDATA[┌─────────┬──────────────────┬────────────┬──────────────────────────────────────────────────────────────────────────────────────────────────────────────────┬───────┐
│ (index) │ id               │ impact     │ description                                                                                                      │ nodes │
├─────────┼──────────────────┼────────────┼──────────────────────────────────────────────────────────────────────────────────────────────────────────────────┼───────┤
│ 0       │ [32m'color-contrast'[39m │ [32m'serious'[39m  │ [32m'Ensure the contrast between foreground and background colors meets WCAG 2 AA minimum contrast ratio thresholds'[39m │ [33m2[39m     │
│ 1       │ [32m'region'[39m         │ [32m'moderate'[39m │ [32m'Ensure all page content is contained by landmarks'[39m                                                              │ [33m5[39m     │
└─────────┴──────────────────┴────────────┴──────────────────────────────────────────────────────────────────────────────────────────────────────────────────┴───────┘

[[ATTACHMENT|accessibility-Accessibilit-332ae-have-proper-ARIA-attributes-webkit\test-failed-1.png]]

[[ATTACHMENT|accessibility-Accessibilit-332ae-have-proper-ARIA-attributes-webkit\video.webm]]

[[ATTACHMENT|accessibility-Accessibilit-332ae-have-proper-ARIA-attributes-webkit\error-context.md]]
]]>
</system-out>
</testcase>
<testcase name="Accessibility Tests › should work with screen readers" classname="accessibility.spec.ts" time="3.65">
</testcase>
</testsuite>
<testsuite name="accessibility.spec.ts" timestamp="2025-08-10T17:45:12.677Z" hostname="Mobile Chrome" tests="7" failures="3" skipped="0" time="25.379" errors="0">
<testcase name="Accessibility Tests › should not have any accessibility violations" classname="accessibility.spec.ts" time="4.297">
<failure message="accessibility.spec.ts:10:7 should not have any accessibility violations" type="FAILURE">
<![CDATA[  [Mobile Chrome] › accessibility.spec.ts:10:7 › Accessibility Tests › should not have any accessibility violations 

    AssertionError: 3 accessibility violations were detected
        at testResultDependsOnViolations (C:\Users\yasin\Nearacles\nearacles-protocol\frontend\node_modules\axe-playwright\dist\utils.js:16:26)
        at C:\Users\yasin\Nearacles\nearacles-protocol\frontend\node_modules\axe-playwright\dist\index.js:143:51
        at fulfilled (C:\Users\yasin\Nearacles\nearacles-protocol\frontend\node_modules\axe-playwright\dist\index.js:28:58)

    attachment #1: screenshot (image/png) ──────────────────────────────────────────────────────────
    ..\test-results\accessibility-Accessibilit-24333-ny-accessibility-violations-Mobile-Chrome\test-failed-1.png
    ────────────────────────────────────────────────────────────────────────────────────────────────

    attachment #2: video (video/webm) ──────────────────────────────────────────────────────────────
    ..\test-results\accessibility-Accessibilit-24333-ny-accessibility-violations-Mobile-Chrome\video.webm
    ────────────────────────────────────────────────────────────────────────────────────────────────

    Error Context: ..\test-results\accessibility-Accessibilit-24333-ny-accessibility-violations-Mobile-Chrome\error-context.md
]]>
</failure>
<system-out>
<![CDATA[┌─────────┬─────────────────────┬────────────┬──────────────────────────────────────────────────────────────────────────────────────────────────────────────────┬───────┐
│ (index) │ id                  │ impact     │ description                                                                                                      │ nodes │
├─────────┼─────────────────────┼────────────┼──────────────────────────────────────────────────────────────────────────────────────────────────────────────────┼───────┤
│ 0       │ [32m'color-contrast'[39m    │ [32m'serious'[39m  │ [32m'Ensure the contrast between foreground and background colors meets WCAG 2 AA minimum contrast ratio thresholds'[39m │ [33m2[39m     │
│ 1       │ [32m'landmark-one-main'[39m │ [32m'moderate'[39m │ [32m'Ensure the document has a main landmark'[39m                                                                        │ [33m1[39m     │
│ 2       │ [32m'region'[39m            │ [32m'moderate'[39m │ [32m'Ensure all page content is contained by landmarks'[39m                                                              │ [33m5[39m     │
└─────────┴─────────────────────┴────────────┴──────────────────────────────────────────────────────────────────────────────────────────────────────────────────┴───────┘
┌─────────┬───────────────────────────────────────────┬─────────────────────────────────────────────────────────────────────────────────────────────────────────────────────────────────────────────────────────────────────────────────────────────────────────────────────────────────────────────┬────────────┐
│ (index) │ target                                    │ html                                                                                                                                                                                                                                        │ violations │
├─────────┼───────────────────────────────────────────┼─────────────────────────────────────────────────────────────────────────────────────────────────────────────────────────────────────────────────────────────────────────────────────────────────────────────────────────────────────────────┼────────────┤
│ 0       │ [32m'[".px-4"]'[39m                               │ [32m'<button class="bg-green-600 text-white px-4 py-2 rounded-lg font-medium hover:bg-green-700 whitespace-nowrap cursor-pointer" aria-label="Connect your NEAR wallet to the platform" title="Connect Wallet">Connect Wallet</button>'[39m         │ [32m'[0]'[39m      │
│ 1       │ [32m'["button[title=\\"Launch Platform\\"]"]'[39m │ [32m'<button class="bg-green-600 hover:bg-green-700 text-white px-8 py-4 rounded-lg font-semibold text-lg whitespace-nowrap cursor-pointer" aria-label="Launch the Nearacles Oracle Platform" title="Launch Platform">Launch Platform</button>'[39m │ [32m'[0]'[39m      │
│ 2       │ [32m'["html"]'[39m                                │ [32m'<html lang="en">'[39m                                                                                                                                                                                                                          │ [32m'[1]'[39m      │
│ 3       │ [32m'[".text-5xl"]'[39m                           │ [32m'<h1 class="text-5xl lg:text-7xl font-bold text-white mb-6 leading-tight">NEAR Protocol<br><span class="text-transparent bg-clip-text bg-gradient-to-r from-green-400 to-blue-400">Oracle Network</span></h1>'[39m                              │ [32m'[2]'[39m      │
│ 4       │ [32m'[".text-gray-200"]'[39m                      │ [32m'<p class="text-xl text-gray-200 mb-8 max-w-2xl leading-relaxed">Advanced NEAR blockchain oracle platform with multiple data sources, real-time consensus algorithms, and enterprise-grade security for decentralized applications.</p>'[39m    │ [32m'[2]'[39m      │
│ 5       │ [32m'["section:nth-child(3)"]'[39m                │ [32m'<section class="py-24 bg-white">'[39m                                                                                                                                                                                                          │ [32m'[2]'[39m      │
│ 6       │ [32m'[".bg-gray-50"]'[39m                         │ [32m'<section class="py-24 bg-gray-50">'[39m                                                                                                                                                                                                        │ [32m'[2]'[39m      │
│ 7       │ [32m'["section:nth-child(5)"]'[39m                │ [32m'<section class="py-24 bg-gradient-to-r from-green-600 to-blue-600">'[39m                                                                                                                                                                       │ [32m'[2]'[39m      │
└─────────┴───────────────────────────────────────────┴─────────────────────────────────────────────────────────────────────────────────────────────────────────────────────────────────────────────────────────────────────────────────────────────────────────────────────────────────────────────┴────────────┘

[[ATTACHMENT|accessibility-Accessibilit-24333-ny-accessibility-violations-Mobile-Chrome\test-failed-1.png]]

[[ATTACHMENT|accessibility-Accessibilit-24333-ny-accessibility-violations-Mobile-Chrome\video.webm]]

[[ATTACHMENT|accessibility-Accessibilit-24333-ny-accessibility-violations-Mobile-Chrome\error-context.md]]
]]>
</system-out>
</testcase>
<testcase name="Accessibility Tests › should have proper heading structure" classname="accessibility.spec.ts" time="3.19">
</testcase>
<testcase name="Accessibility Tests › should have proper focus management" classname="accessibility.spec.ts" time="3.932">
</testcase>
<testcase name="Accessibility Tests › should have proper color contrast" classname="accessibility.spec.ts" time="4.424">
<failure message="accessibility.spec.ts:45:7 should have proper color contrast" type="FAILURE">
<![CDATA[  [Mobile Chrome] › accessibility.spec.ts:45:7 › Accessibility Tests › should have proper color contrast 

    AssertionError: 3 accessibility violations were detected
        at testResultDependsOnViolations (C:\Users\yasin\Nearacles\nearacles-protocol\frontend\node_modules\axe-playwright\dist\utils.js:16:26)
        at C:\Users\yasin\Nearacles\nearacles-protocol\frontend\node_modules\axe-playwright\dist\index.js:143:51
        at fulfilled (C:\Users\yasin\Nearacles\nearacles-protocol\frontend\node_modules\axe-playwright\dist\index.js:28:58)

    attachment #1: screenshot (image/png) ──────────────────────────────────────────────────────────
    ..\test-results\accessibility-Accessibilit-1d235--have-proper-color-contrast-Mobile-Chrome\test-failed-1.png
    ────────────────────────────────────────────────────────────────────────────────────────────────

    attachment #2: video (video/webm) ──────────────────────────────────────────────────────────────
    ..\test-results\accessibility-Accessibilit-1d235--have-proper-color-contrast-Mobile-Chrome\video.webm
    ────────────────────────────────────────────────────────────────────────────────────────────────

    Error Context: ..\test-results\accessibility-Accessibilit-1d235--have-proper-color-contrast-Mobile-Chrome\error-context.md
]]>
</failure>
<system-out>
<![CDATA[┌─────────┬─────────────────────┬────────────┬──────────────────────────────────────────────────────────────────────────────────────────────────────────────────┬───────┐
│ (index) │ id                  │ impact     │ description                                                                                                      │ nodes │
├─────────┼─────────────────────┼────────────┼──────────────────────────────────────────────────────────────────────────────────────────────────────────────────┼───────┤
│ 0       │ [32m'color-contrast'[39m    │ [32m'serious'[39m  │ [32m'Ensure the contrast between foreground and background colors meets WCAG 2 AA minimum contrast ratio thresholds'[39m │ [33m2[39m     │
│ 1       │ [32m'landmark-one-main'[39m │ [32m'moderate'[39m │ [32m'Ensure the document has a main landmark'[39m                                                                        │ [33m1[39m     │
│ 2       │ [32m'region'[39m            │ [32m'moderate'[39m │ [32m'Ensure all page content is contained by landmarks'[39m                                                              │ [33m5[39m     │
└─────────┴─────────────────────┴────────────┴──────────────────────────────────────────────────────────────────────────────────────────────────────────────────┴───────┘

[[ATTACHMENT|accessibility-Accessibilit-1d235--have-proper-color-contrast-Mobile-Chrome\test-failed-1.png]]

[[ATTACHMENT|accessibility-Accessibilit-1d235--have-proper-color-contrast-Mobile-Chrome\video.webm]]

[[ATTACHMENT|accessibility-Accessibilit-1d235--have-proper-color-contrast-Mobile-Chrome\error-context.md]]
]]>
</system-out>
</testcase>
<testcase name="Accessibility Tests › should support keyboard navigation" classname="accessibility.spec.ts" time="2.999">
</testcase>
<testcase name="Accessibility Tests › should have proper ARIA attributes" classname="accessibility.spec.ts" time="3.759">
<failure message="accessibility.spec.ts:69:7 should have proper ARIA attributes" type="FAILURE">
<![CDATA[  [Mobile Chrome] › accessibility.spec.ts:69:7 › Accessibility Tests › should have proper ARIA attributes 

    AssertionError: 3 accessibility violations were detected
        at testResultDependsOnViolations (C:\Users\yasin\Nearacles\nearacles-protocol\frontend\node_modules\axe-playwright\dist\utils.js:16:26)
        at C:\Users\yasin\Nearacles\nearacles-protocol\frontend\node_modules\axe-playwright\dist\index.js:143:51
        at fulfilled (C:\Users\yasin\Nearacles\nearacles-protocol\frontend\node_modules\axe-playwright\dist\index.js:28:58)

    attachment #1: screenshot (image/png) ──────────────────────────────────────────────────────────
    ..\test-results\accessibility-Accessibilit-332ae-have-proper-ARIA-attributes-Mobile-Chrome\test-failed-1.png
    ────────────────────────────────────────────────────────────────────────────────────────────────

    attachment #2: video (video/webm) ──────────────────────────────────────────────────────────────
    ..\test-results\accessibility-Accessibilit-332ae-have-proper-ARIA-attributes-Mobile-Chrome\video.webm
    ────────────────────────────────────────────────────────────────────────────────────────────────

    Error Context: ..\test-results\accessibility-Accessibilit-332ae-have-proper-ARIA-attributes-Mobile-Chrome\error-context.md
]]>
</failure>
<system-out>
<![CDATA[┌─────────┬─────────────────────┬────────────┬──────────────────────────────────────────────────────────────────────────────────────────────────────────────────┬───────┐
│ (index) │ id                  │ impact     │ description                                                                                                      │ nodes │
├─────────┼─────────────────────┼────────────┼──────────────────────────────────────────────────────────────────────────────────────────────────────────────────┼───────┤
│ 0       │ [32m'color-contrast'[39m    │ [32m'serious'[39m  │ [32m'Ensure the contrast between foreground and background colors meets WCAG 2 AA minimum contrast ratio thresholds'[39m │ [33m2[39m     │
│ 1       │ [32m'landmark-one-main'[39m │ [32m'moderate'[39m │ [32m'Ensure the document has a main landmark'[39m                                                                        │ [33m1[39m     │
│ 2       │ [32m'region'[39m            │ [32m'moderate'[39m │ [32m'Ensure all page content is contained by landmarks'[39m                                                              │ [33m5[39m     │
└─────────┴─────────────────────┴────────────┴──────────────────────────────────────────────────────────────────────────────────────────────────────────────────┴───────┘

[[ATTACHMENT|accessibility-Accessibilit-332ae-have-proper-ARIA-attributes-Mobile-Chrome\test-failed-1.png]]

[[ATTACHMENT|accessibility-Accessibilit-332ae-have-proper-ARIA-attributes-Mobile-Chrome\video.webm]]

[[ATTACHMENT|accessibility-Accessibilit-332ae-have-proper-ARIA-attributes-Mobile-Chrome\error-context.md]]
]]>
</system-out>
</testcase>
<testcase name="Accessibility Tests › should work with screen readers" classname="accessibility.spec.ts" time="2.778">
</testcase>
</testsuite>
<testsuite name="accessibility.spec.ts" timestamp="2025-08-10T17:45:12.677Z" hostname="Mobile Safari" tests="7" failures="3" skipped="0" time="28.423" errors="0">
<testcase name="Accessibility Tests › should not have any accessibility violations" classname="accessibility.spec.ts" time="5.837">
<failure message="accessibility.spec.ts:10:7 should not have any accessibility violations" type="FAILURE">
<![CDATA[  [Mobile Safari] › accessibility.spec.ts:10:7 › Accessibility Tests › should not have any accessibility violations 

    AssertionError: 2 accessibility violations were detected
        at testResultDependsOnViolations (C:\Users\yasin\Nearacles\nearacles-protocol\frontend\node_modules\axe-playwright\dist\utils.js:16:26)
        at C:\Users\yasin\Nearacles\nearacles-protocol\frontend\node_modules\axe-playwright\dist\index.js:143:51
        at fulfilled (C:\Users\yasin\Nearacles\nearacles-protocol\frontend\node_modules\axe-playwright\dist\index.js:28:58)

    attachment #1: screenshot (image/png) ──────────────────────────────────────────────────────────
    ..\test-results\accessibility-Accessibilit-24333-ny-accessibility-violations-Mobile-Safari\test-failed-1.png
    ────────────────────────────────────────────────────────────────────────────────────────────────

    attachment #2: video (video/webm) ──────────────────────────────────────────────────────────────
    ..\test-results\accessibility-Accessibilit-24333-ny-accessibility-violations-Mobile-Safari\video.webm
    ────────────────────────────────────────────────────────────────────────────────────────────────

    Error Context: ..\test-results\accessibility-Accessibilit-24333-ny-accessibility-violations-Mobile-Safari\error-context.md
]]>
</failure>
<system-out>
<![CDATA[┌─────────┬──────────────────┬────────────┬──────────────────────────────────────────────────────────────────────────────────────────────────────────────────┬───────┐
│ (index) │ id               │ impact     │ description                                                                                                      │ nodes │
├─────────┼──────────────────┼────────────┼──────────────────────────────────────────────────────────────────────────────────────────────────────────────────┼───────┤
│ 0       │ [32m'color-contrast'[39m │ [32m'serious'[39m  │ [32m'Ensure the contrast between foreground and background colors meets WCAG 2 AA minimum contrast ratio thresholds'[39m │ [33m2[39m     │
│ 1       │ [32m'region'[39m         │ [32m'moderate'[39m │ [32m'Ensure all page content is contained by landmarks'[39m                                                              │ [33m5[39m     │
└─────────┴──────────────────┴────────────┴──────────────────────────────────────────────────────────────────────────────────────────────────────────────────┴───────┘
┌─────────┬───────────────────────────────────────────┬─────────────────────────────────────────────────────────────────────────────────────────────────────────────────────────────────────────────────────────────────────────────────────────────────────────────────────────────────────────────┬────────────┐
│ (index) │ target                                    │ html                                                                                                                                                                                                                                        │ violations │
├─────────┼───────────────────────────────────────────┼─────────────────────────────────────────────────────────────────────────────────────────────────────────────────────────────────────────────────────────────────────────────────────────────────────────────────────────────────────────────┼────────────┤
│ 0       │ [32m'[".px-4"]'[39m                               │ [32m'<button class="bg-green-600 text-white px-4 py-2 rounded-lg font-medium hover:bg-green-700 whitespace-nowrap cursor-pointer" aria-label="Connect your NEAR wallet to the platform" title="Connect Wallet">Connect Wallet</button>'[39m         │ [32m'[0]'[39m      │
│ 1       │ [32m'["button[title=\\"Launch Platform\\"]"]'[39m │ [32m'<button class="bg-green-600 hover:bg-green-700 text-white px-8 py-4 rounded-lg font-semibold text-lg whitespace-nowrap cursor-pointer" aria-label="Launch the Nearacles Oracle Platform" title="Launch Platform">Launch Platform</button>'[39m │ [32m'[0]'[39m      │
│ 2       │ [32m'[".text-5xl"]'[39m                           │ [32m'<h1 class="text-5xl lg:text-7xl font-bold text-white mb-6 leading-tight">NEAR Protocol<br><span class="text-transparent bg-clip-text bg-gradient-to-r from-green-400 to-blue-400">Oracle Network</span></h1>'[39m                              │ [32m'[1]'[39m      │
│ 3       │ [32m'[".text-gray-200"]'[39m                      │ [32m'<p class="text-xl text-gray-200 mb-8 max-w-2xl leading-relaxed">Advanced NEAR blockchain oracle platform with multiple data sources, real-time consensus algorithms, and enterprise-grade security for decentralized applications.</p>'[39m    │ [32m'[1]'[39m      │
│ 4       │ [32m'["section:nth-child(3)"]'[39m                │ [32m'<section class="py-24 bg-white">'[39m                                                                                                                                                                                                          │ [32m'[1]'[39m      │
│ 5       │ [32m'[".bg-gray-50"]'[39m                         │ [32m'<section class="py-24 bg-gray-50">'[39m                                                                                                                                                                                                        │ [32m'[1]'[39m      │
│ 6       │ [32m'["section:nth-child(5)"]'[39m                │ [32m'<section class="py-24 bg-gradient-to-r from-green-600 to-blue-600">'[39m                                                                                                                                                                       │ [32m'[1]'[39m      │
└─────────┴───────────────────────────────────────────┴─────────────────────────────────────────────────────────────────────────────────────────────────────────────────────────────────────────────────────────────────────────────────────────────────────────────────────────────────────────────┴────────────┘

[[ATTACHMENT|accessibility-Accessibilit-24333-ny-accessibility-violations-Mobile-Safari\test-failed-1.png]]

[[ATTACHMENT|accessibility-Accessibilit-24333-ny-accessibility-violations-Mobile-Safari\video.webm]]

[[ATTACHMENT|accessibility-Accessibilit-24333-ny-accessibility-violations-Mobile-Safari\error-context.md]]
]]>
</system-out>
</testcase>
<testcase name="Accessibility Tests › should have proper heading structure" classname="accessibility.spec.ts" time="3.854">
</testcase>
<testcase name="Accessibility Tests › should have proper focus management" classname="accessibility.spec.ts" time="3.949">
</testcase>
<testcase name="Accessibility Tests › should have proper color contrast" classname="accessibility.spec.ts" time="4.398">
<failure message="accessibility.spec.ts:45:7 should have proper color contrast" type="FAILURE">
<![CDATA[  [Mobile Safari] › accessibility.spec.ts:45:7 › Accessibility Tests › should have proper color contrast 

    AssertionError: 2 accessibility violations were detected
        at testResultDependsOnViolations (C:\Users\yasin\Nearacles\nearacles-protocol\frontend\node_modules\axe-playwright\dist\utils.js:16:26)
        at C:\Users\yasin\Nearacles\nearacles-protocol\frontend\node_modules\axe-playwright\dist\index.js:143:51
        at fulfilled (C:\Users\yasin\Nearacles\nearacles-protocol\frontend\node_modules\axe-playwright\dist\index.js:28:58)

    attachment #1: screenshot (image/png) ──────────────────────────────────────────────────────────
    ..\test-results\accessibility-Accessibilit-1d235--have-proper-color-contrast-Mobile-Safari\test-failed-1.png
    ────────────────────────────────────────────────────────────────────────────────────────────────

    attachment #2: video (video/webm) ──────────────────────────────────────────────────────────────
    ..\test-results\accessibility-Accessibilit-1d235--have-proper-color-contrast-Mobile-Safari\video.webm
    ────────────────────────────────────────────────────────────────────────────────────────────────

    Error Context: ..\test-results\accessibility-Accessibilit-1d235--have-proper-color-contrast-Mobile-Safari\error-context.md
]]>
</failure>
<system-out>
<![CDATA[┌─────────┬──────────────────┬────────────┬──────────────────────────────────────────────────────────────────────────────────────────────────────────────────┬───────┐
│ (index) │ id               │ impact     │ description                                                                                                      │ nodes │
├─────────┼──────────────────┼────────────┼──────────────────────────────────────────────────────────────────────────────────────────────────────────────────┼───────┤
│ 0       │ [32m'color-contrast'[39m │ [32m'serious'[39m  │ [32m'Ensure the contrast between foreground and background colors meets WCAG 2 AA minimum contrast ratio thresholds'[39m │ [33m2[39m     │
│ 1       │ [32m'region'[39m         │ [32m'moderate'[39m │ [32m'Ensure all page content is contained by landmarks'[39m                                                              │ [33m5[39m     │
└─────────┴──────────────────┴────────────┴──────────────────────────────────────────────────────────────────────────────────────────────────────────────────┴───────┘

[[ATTACHMENT|accessibility-Accessibilit-1d235--have-proper-color-contrast-Mobile-Safari\test-failed-1.png]]

[[ATTACHMENT|accessibility-Accessibilit-1d235--have-proper-color-contrast-Mobile-Safari\video.webm]]

[[ATTACHMENT|accessibility-Accessibilit-1d235--have-proper-color-contrast-Mobile-Safari\error-context.md]]
]]>
</system-out>
</testcase>
<testcase name="Accessibility Tests › should support keyboard navigation" classname="accessibility.spec.ts" time="3.657">
</testcase>
<testcase name="Accessibility Tests › should have proper ARIA attributes" classname="accessibility.spec.ts" time="3.677">
<failure message="accessibility.spec.ts:69:7 should have proper ARIA attributes" type="FAILURE">
<![CDATA[  [Mobile Safari] › accessibility.spec.ts:69:7 › Accessibility Tests › should have proper ARIA attributes 

    AssertionError: 2 accessibility violations were detected
        at testResultDependsOnViolations (C:\Users\yasin\Nearacles\nearacles-protocol\frontend\node_modules\axe-playwright\dist\utils.js:16:26)
        at C:\Users\yasin\Nearacles\nearacles-protocol\frontend\node_modules\axe-playwright\dist\index.js:143:51
        at fulfilled (C:\Users\yasin\Nearacles\nearacles-protocol\frontend\node_modules\axe-playwright\dist\index.js:28:58)

    attachment #1: screenshot (image/png) ──────────────────────────────────────────────────────────
    ..\test-results\accessibility-Accessibilit-332ae-have-proper-ARIA-attributes-Mobile-Safari\test-failed-1.png
    ────────────────────────────────────────────────────────────────────────────────────────────────

    attachment #2: video (video/webm) ──────────────────────────────────────────────────────────────
    ..\test-results\accessibility-Accessibilit-332ae-have-proper-ARIA-attributes-Mobile-Safari\video.webm
    ────────────────────────────────────────────────────────────────────────────────────────────────

    Error Context: ..\test-results\accessibility-Accessibilit-332ae-have-proper-ARIA-attributes-Mobile-Safari\error-context.md
]]>
</failure>
<system-out>
<![CDATA[┌─────────┬──────────────────┬────────────┬──────────────────────────────────────────────────────────────────────────────────────────────────────────────────┬───────┐
│ (index) │ id               │ impact     │ description                                                                                                      │ nodes │
├─────────┼──────────────────┼────────────┼──────────────────────────────────────────────────────────────────────────────────────────────────────────────────┼───────┤
│ 0       │ [32m'color-contrast'[39m │ [32m'serious'[39m  │ [32m'Ensure the contrast between foreground and background colors meets WCAG 2 AA minimum contrast ratio thresholds'[39m │ [33m2[39m     │
│ 1       │ [32m'region'[39m         │ [32m'moderate'[39m │ [32m'Ensure all page content is contained by landmarks'[39m                                                              │ [33m5[39m     │
└─────────┴──────────────────┴────────────┴──────────────────────────────────────────────────────────────────────────────────────────────────────────────────┴───────┘

[[ATTACHMENT|accessibility-Accessibilit-332ae-have-proper-ARIA-attributes-Mobile-Safari\test-failed-1.png]]

[[ATTACHMENT|accessibility-Accessibilit-332ae-have-proper-ARIA-attributes-Mobile-Safari\video.webm]]

[[ATTACHMENT|accessibility-Accessibilit-332ae-have-proper-ARIA-attributes-Mobile-Safari\error-context.md]]
]]>
</system-out>
</testcase>
<testcase name="Accessibility Tests › should work with screen readers" classname="accessibility.spec.ts" time="3.051">
</testcase>
</testsuite>
</testsuites>